<?xml version="1.0" encoding="UTF-8"?>
<!-- Generated by org.testng.reporters.JUnitReportReporter -->
<testsuite hostname="leninlama" failures="0" tests="1" name="runner.TestNgrunner" time="75.000" errors="0" timestamp="2023-12-12T09:29:44 IST" skipped="0">
  <testcase classname="runner.TestNgrunner" name="runScenario" time="75.000"/>
  <system-out/>
</testsuite> <!-- runner.TestNgrunner -->
